<?xml version="1.0" encoding="UTF-8"?>
<!-- Generated by org.testng.reporters.JUnitReportReporter -->
<testsuite hostname="SRIPRIYA-TI8152" name="com.TaxiForSure.RegTestCases.PrepaidTest" tests="6" failures="0" timestamp="19 Sep 2014 05:21:07 GMT" time="44.208" errors="0">
  <testcase name="prepaidSummaryTest" time="6.009" classname="com.TaxiForSure.RegTestCases.PrepaidTest"/>
  <testcase name="prepaidDriverFineTest" time="8.416" classname="com.TaxiForSure.RegTestCases.PrepaidTest"/>
  <testcase name="operatorRechargeTest" time="9.629" classname="com.TaxiForSure.RegTestCases.PrepaidTest"/>
  <testcase name="prepaidDriverBalTransTest" time="7.232" classname="com.TaxiForSure.RegTestCases.PrepaidTest"/>
  <testcase name="prepaidOperatorFineTest" time="8.443" classname="com.TaxiForSure.RegTestCases.PrepaidTest"/>
  <testcase name="prepaidDriverList" time="4.479" classname="com.TaxiForSure.RegTestCases.PrepaidTest"/>
</testsuite> <!-- com.TaxiForSure.RegTestCases.PrepaidTest -->
